<?xml version="1.0" encoding="UTF-8"?>
<!-- Generated by org.testng.reporters.JUnitXMLReporter -->
<testsuite hostname="BDC4-D-5R4ZQG2" ignored="0" name="MyFirstTest" tests="7" failures="0" timestamp="17 Sep 2018 10:13:22 GMT" time="32.294" errors="0">
  <testcase name="alpha" time="0.005" classname="com.Day1.Testng.Annotations"/>
  <testcase name="beta" time="0.002" classname="com.Day1.Testng.Annotations"/>
  <testcase name="testcase" time="19.531" classname="com.Day1.Testng.BasicAnnotations"/>
  <testcase name="testcase" time="0.002" classname="com.Day1.Testng.DataDrivenExample"/>
  <testcase name="testcase" time="0.001" classname="com.Day1.Testng.DataDrivenExample"/>
  <testcase name="testcase" time="0.001" classname="com.Day1.Testng.DataDrivenExample"/>
  <testcase name="testcase" time="0.001" classname="com.Drivers.RoughTest"/>
</testsuite> <!-- MyFirstTest -->
