<?xml version="1.0" encoding="UTF-8"?>
<testng-results skipped="0" failed="0" ignored="0" total="1" passed="1">
  <reporter-output>
  </reporter-output>
  <suite name="Default suite" duration-ms="14329" started-at="2018-09-19T05:02:01Z" finished-at="2018-09-19T05:02:16Z">
    <groups>
    </groups>
    <test name="Default test" duration-ms="14329" started-at="2018-09-19T05:02:01Z" finished-at="2018-09-19T05:02:16Z">
      <class name="com.Drivers.CookieExample">
        <test-method status="PASS" signature="openbrowser()[pri:0, instance:com.Drivers.CookieExample@1d057a39]" name="openbrowser" is-config="true" duration-ms="12202" started-at="2018-09-19T05:02:01Z" finished-at="2018-09-19T05:02:13Z">
          <reporter-output>
          </reporter-output>
        </test-method> <!-- openbrowser -->
        <test-method status="PASS" signature="testcase()[pri:0, instance:com.Drivers.CookieExample@1d057a39]" name="testcase" duration-ms="2097" started-at="2018-09-19T05:02:13Z" finished-at="2018-09-19T05:02:16Z">
          <reporter-output>
          </reporter-output>
        </test-method> <!-- testcase -->
      </class> <!-- com.Drivers.CookieExample -->
    </test> <!-- Default test -->
  </suite> <!-- Default suite -->
</testng-results>
