<?xml version="1.0" encoding="UTF-8"?>
<testng-results skipped="0" failed="0" ignored="0" total="2" passed="2">
  <reporter-output>
  </reporter-output>
  <suite name="MyFirstTestSuite" duration-ms="74" started-at="2018-09-19T08:50:41Z" finished-at="2018-09-19T08:50:41Z">
    <groups>
    </groups>
    <test name="MyFirstTest" duration-ms="74" started-at="2018-09-19T08:50:41Z" finished-at="2018-09-19T08:50:41Z">
      <class name="com.Day1.Testng.Annotations">
        <test-method status="PASS" signature="startsuite()[pri:0, instance:com.Day1.Testng.Annotations@46d56d67]" name="startsuite" is-config="true" duration-ms="18" started-at="2018-09-19T08:50:41Z" finished-at="2018-09-19T08:50:41Z">
          <reporter-output>
          </reporter-output>
        </test-method> <!-- startsuite -->
        <test-method status="PASS" signature="startserver()[pri:0, instance:com.Day1.Testng.Annotations@46d56d67]" name="startserver" is-config="true" duration-ms="0" started-at="2018-09-19T08:50:41Z" finished-at="2018-09-19T08:50:41Z">
          <reporter-output>
          </reporter-output>
        </test-method> <!-- startserver -->
        <test-method status="PASS" signature="opebrowser()[pri:0, instance:com.Day1.Testng.Annotations@46d56d67]" name="opebrowser" is-config="true" duration-ms="1" started-at="2018-09-19T08:50:41Z" finished-at="2018-09-19T08:50:41Z">
          <reporter-output>
          </reporter-output>
        </test-method> <!-- opebrowser -->
        <test-method status="PASS" signature="opebrowser()[pri:0, instance:com.Day1.Testng.Annotations@46d56d67]" name="opebrowser" is-config="true" duration-ms="1" started-at="2018-09-19T08:50:41Z" finished-at="2018-09-19T08:50:41Z">
          <reporter-output>
          </reporter-output>
        </test-method> <!-- opebrowser -->
        <test-method status="PASS" signature="alpha()[pri:0, instance:com.Day1.Testng.Annotations@46d56d67]" name="alpha" duration-ms="18" started-at="2018-09-19T08:50:41Z" finished-at="2018-09-19T08:50:41Z">
          <reporter-output>
          </reporter-output>
        </test-method> <!-- alpha -->
        <test-method status="PASS" signature="beta()[pri:0, instance:com.Day1.Testng.Annotations@46d56d67]" name="beta" duration-ms="22" started-at="2018-09-19T08:50:41Z" finished-at="2018-09-19T08:50:41Z">
          <reporter-output>
          </reporter-output>
        </test-method> <!-- beta -->
        <test-method status="PASS" signature="closebrowser()[pri:0, instance:com.Day1.Testng.Annotations@46d56d67]" name="closebrowser" is-config="true" duration-ms="2" started-at="2018-09-19T08:50:41Z" finished-at="2018-09-19T08:50:41Z">
          <reporter-output>
          </reporter-output>
        </test-method> <!-- closebrowser -->
        <test-method status="PASS" signature="closebrowser()[pri:0, instance:com.Day1.Testng.Annotations@46d56d67]" name="closebrowser" is-config="true" duration-ms="1" started-at="2018-09-19T08:50:41Z" finished-at="2018-09-19T08:50:41Z">
          <reporter-output>
          </reporter-output>
        </test-method> <!-- closebrowser -->
        <test-method status="PASS" signature="stoptserver()[pri:0, instance:com.Day1.Testng.Annotations@46d56d67]" name="stoptserver" is-config="true" duration-ms="1" started-at="2018-09-19T08:50:41Z" finished-at="2018-09-19T08:50:41Z">
          <reporter-output>
          </reporter-output>
        </test-method> <!-- stoptserver -->
        <test-method status="PASS" signature="stoptsuite()[pri:0, instance:com.Day1.Testng.Annotations@46d56d67]" name="stoptsuite" is-config="true" duration-ms="0" started-at="2018-09-19T08:50:41Z" finished-at="2018-09-19T08:50:41Z">
          <reporter-output>
          </reporter-output>
        </test-method> <!-- stoptsuite -->
      </class> <!-- com.Day1.Testng.Annotations -->
    </test> <!-- MyFirstTest -->
  </suite> <!-- MyFirstTestSuite -->
</testng-results>
